<?xml version="1.0" encoding="UTF-8"?>
<testsuite name="autotests.tests.DuckTest" time="0.0" tests="11" errors="0" skipped="0" failures="11">
    <testcase name="DuckTest.successfulCreateDuck1" classname="autotests.tests.DuckTest" time="0.0">
      <failure type="com.consol.citrus.exceptions.CitrusRuntimeException" message="Unable to find bean reference for name &apos;com.consol.citrus.http.client.HttpClient@72ea6fcb&apos;">
        <![CDATA[
        com.consol.citrus.exceptions.CitrusRuntimeException: Unable to find bean reference for name 'com.consol.citrus.http.client.HttpClient@72ea6fcb'
	at com.consol.citrus.context.SpringBeanReferenceResolver.lambda$resolve$2(SpringBeanReferenceResolver.java:93)
	at java.base/java.util.Optional.orElseThrow(Optional.java:408)
	at com.consol.citrus.context.SpringBeanReferenceResolver.resolve(SpringBeanReferenceResolver.java:93)
	at com.consol.citrus.endpoint.DefaultEndpointFactory.create(DefaultEndpointFactory.java:106)
	at com.consol.citrus.actions.SendMessageAction.getOrCreateEndpoint(SendMessageAction.java:279)
	at com.consol.citrus.actions.SendMessageAction.isDisabled(SendMessageAction.java:233)
	at com.consol.citrus.DefaultTestCase.executeAction(DefaultTestCase.java:133)
	at com.consol.citrus.DefaultTestCaseRunner.run(DefaultTestCaseRunner.java:125)
	at com.consol.citrus.TestActionRunner.$(TestActionRunner.java:35)
	at autotests.tests.BaseTest.sendPostRequest(BaseTest.java:34)
	at autotests.clients.DuckCRUDClient.duckCreate(DuckCRUDClient.java:27)
	at autotests.tests.DuckTest.successfulCreateDuck1(DuckTest.java:23)
	at java.base/jdk.internal.reflect.NativeMethodAccessorImpl.invoke0(Native Method)
	at java.base/jdk.internal.reflect.NativeMethodAccessorImpl.invoke(NativeMethodAccessorImpl.java:62)
	at java.base/jdk.internal.reflect.DelegatingMethodAccessorImpl.invoke(DelegatingMethodAccessorImpl.java:43)
	at java.base/java.lang.reflect.Method.invoke(Method.java:566)
	at org.springframework.util.ReflectionUtils.invokeMethod(ReflectionUtils.java:282)
	at com.consol.citrus.testng.TestNGHelper.lambda$invokeTestMethod$1(TestNGHelper.java:82)
	at com.consol.citrus.common.DefaultTestLoader.lambda$doLoad$1(DefaultTestLoader.java:116)
	at java.base/java.util.ArrayList.forEach(ArrayList.java:1541)
	at com.consol.citrus.common.DefaultTestLoader.doLoad(DefaultTestLoader.java:116)
	at com.consol.citrus.common.DefaultTestLoader.load(DefaultTestLoader.java:94)
	at com.consol.citrus.testng.TestNGHelper.invokeTestMethod(TestNGHelper.java:83)
	at com.consol.citrus.testng.spring.TestNGCitrusSpringSupport.run(TestNGCitrusSpringSupport.java:185)
	at com.consol.citrus.testng.spring.TestNGCitrusSpringSupport.run(TestNGCitrusSpringSupport.java:101)
	at org.testng.internal.invokers.MethodInvocationHelper.invokeHookable(MethodInvocationHelper.java:272)
	at org.testng.internal.invokers.TestInvoker.invokeMethod(TestInvoker.java:669)
	at org.testng.internal.invokers.TestInvoker.invokeTestMethod(TestInvoker.java:221)
	at org.testng.internal.invokers.MethodRunner.runInSequence(MethodRunner.java:50)
	at org.testng.internal.invokers.TestInvoker$MethodInvocationAgent.invoke(TestInvoker.java:969)
	at org.testng.internal.invokers.TestInvoker.invokeTestMethods(TestInvoker.java:194)
	at org.testng.internal.invokers.TestMethodWorker.invokeTestMethods(TestMethodWorker.java:148)
	at org.testng.internal.invokers.TestMethodWorker.run(TestMethodWorker.java:128)
	at java.base/java.util.ArrayList.forEach(ArrayList.java:1541)
	at org.testng.TestRunner.privateRun(TestRunner.java:829)
	at org.testng.TestRunner.run(TestRunner.java:602)
	at org.testng.SuiteRunner.runTest(SuiteRunner.java:437)
	at org.testng.SuiteRunner.runSequentially(SuiteRunner.java:431)
	at org.testng.SuiteRunner.privateRun(SuiteRunner.java:391)
	at org.testng.SuiteRunner.run(SuiteRunner.java:330)
	at org.testng.SuiteRunnerWorker.runSuite(SuiteRunnerWorker.java:52)
	at org.testng.SuiteRunnerWorker.run(SuiteRunnerWorker.java:95)
	at org.testng.TestNG.runSuitesSequentially(TestNG.java:1256)
	at org.testng.TestNG.runSuitesLocally(TestNG.java:1176)
	at org.testng.TestNG.runSuites(TestNG.java:1099)
	at org.testng.TestNG.run(TestNG.java:1067)
	at org.gradle.api.internal.tasks.testing.testng.TestNGTestClassProcessor.runTests(TestNGTestClassProcessor.java:145)
	at org.gradle.api.internal.tasks.testing.testng.TestNGTestClassProcessor.stop(TestNGTestClassProcessor.java:92)
	at org.gradle.api.internal.tasks.testing.SuiteTestClassProcessor.stop(SuiteTestClassProcessor.java:62)
	at java.base/jdk.internal.reflect.NativeMethodAccessorImpl.invoke0(Native Method)
	at java.base/jdk.internal.reflect.NativeMethodAccessorImpl.invoke(NativeMethodAccessorImpl.java:62)
	at java.base/jdk.internal.reflect.DelegatingMethodAccessorImpl.invoke(DelegatingMethodAccessorImpl.java:43)
	at java.base/java.lang.reflect.Method.invoke(Method.java:566)
	at org.gradle.internal.dispatch.ReflectionDispatch.dispatch(ReflectionDispatch.java:36)
	at org.gradle.internal.dispatch.ReflectionDispatch.dispatch(ReflectionDispatch.java:24)
	at org.gradle.internal.dispatch.ContextClassLoaderDispatch.dispatch(ContextClassLoaderDispatch.java:33)
	at org.gradle.internal.dispatch.ProxyDispatchAdapter$DispatchingInvocationHandler.invoke(ProxyDispatchAdapter.java:94)
	at com.sun.proxy.$Proxy2.stop(Unknown Source)
	at org.gradle.api.internal.tasks.testing.worker.TestWorker$3.run(TestWorker.java:193)
	at org.gradle.api.internal.tasks.testing.worker.TestWorker.executeAndMaintainThreadName(TestWorker.java:129)
	at org.gradle.api.internal.tasks.testing.worker.TestWorker.execute(TestWorker.java:100)
	at org.gradle.api.internal.tasks.testing.worker.TestWorker.execute(TestWorker.java:60)
	at org.gradle.process.internal.worker.child.ActionExecutionWorker.execute(ActionExecutionWorker.java:56)
	at org.gradle.process.internal.worker.child.SystemApplicationClassLoaderWorker.call(SystemApplicationClassLoaderWorker.java:113)
	at org.gradle.process.internal.worker.child.SystemApplicationClassLoaderWorker.call(SystemApplicationClassLoaderWorker.java:65)
	at worker.org.gradle.process.internal.worker.GradleWorkerMain.run(GradleWorkerMain.java:69)
	at worker.org.gradle.process.internal.worker.GradleWorkerMain.main(GradleWorkerMain.java:74)
Caused by: org.springframework.beans.factory.NoSuchBeanDefinitionException: No bean named 'com.consol.citrus.http.client.HttpClient@72ea6fcb' available
	at org.springframework.beans.factory.support.DefaultListableBeanFactory.getBeanDefinition(DefaultListableBeanFactory.java:874)
	at org.springframework.beans.factory.support.AbstractBeanFactory.getMergedLocalBeanDefinition(AbstractBeanFactory.java:1358)
	at org.springframework.beans.factory.support.AbstractBeanFactory.doGetBean(AbstractBeanFactory.java:309)
	at org.springframework.beans.factory.support.AbstractBeanFactory.getBean(AbstractBeanFactory.java:213)
	at org.springframework.context.support.AbstractApplicationContext.getBean(AbstractApplicationContext.java:1160)
	at com.consol.citrus.context.SpringBeanReferenceResolver.resolve(SpringBeanReferenceResolver.java:86)
	... 64 more

        ]]>
      </failure>
    </testcase>
    <testcase name="DuckTest.successfulCreateDuck2" classname="autotests.tests.DuckTest" time="0.0">
      <failure type="com.consol.citrus.exceptions.CitrusRuntimeException" message="Unable to find bean reference for name &apos;com.consol.citrus.http.client.HttpClient@72ea6fcb&apos;">
        <![CDATA[
        com.consol.citrus.exceptions.CitrusRuntimeException: Unable to find bean reference for name 'com.consol.citrus.http.client.HttpClient@72ea6fcb'
	at com.consol.citrus.context.SpringBeanReferenceResolver.lambda$resolve$2(SpringBeanReferenceResolver.java:93)
	at java.base/java.util.Optional.orElseThrow(Optional.java:408)
	at com.consol.citrus.context.SpringBeanReferenceResolver.resolve(SpringBeanReferenceResolver.java:93)
	at com.consol.citrus.endpoint.DefaultEndpointFactory.create(DefaultEndpointFactory.java:106)
	at com.consol.citrus.actions.SendMessageAction.getOrCreateEndpoint(SendMessageAction.java:279)
	at com.consol.citrus.actions.SendMessageAction.isDisabled(SendMessageAction.java:233)
	at com.consol.citrus.DefaultTestCase.executeAction(DefaultTestCase.java:133)
	at com.consol.citrus.DefaultTestCaseRunner.run(DefaultTestCaseRunner.java:125)
	at com.consol.citrus.TestActionRunner.$(TestActionRunner.java:35)
	at autotests.tests.BaseTest.sendPostRequest(BaseTest.java:34)
	at autotests.clients.DuckCRUDClient.duckCreate(DuckCRUDClient.java:27)
	at autotests.tests.DuckTest.successfulCreateDuck2(DuckTest.java:36)
	at java.base/jdk.internal.reflect.NativeMethodAccessorImpl.invoke0(Native Method)
	at java.base/jdk.internal.reflect.NativeMethodAccessorImpl.invoke(NativeMethodAccessorImpl.java:62)
	at java.base/jdk.internal.reflect.DelegatingMethodAccessorImpl.invoke(DelegatingMethodAccessorImpl.java:43)
	at java.base/java.lang.reflect.Method.invoke(Method.java:566)
	at org.springframework.util.ReflectionUtils.invokeMethod(ReflectionUtils.java:282)
	at com.consol.citrus.testng.TestNGHelper.lambda$invokeTestMethod$1(TestNGHelper.java:82)
	at com.consol.citrus.common.DefaultTestLoader.lambda$doLoad$1(DefaultTestLoader.java:116)
	at java.base/java.util.ArrayList.forEach(ArrayList.java:1541)
	at com.consol.citrus.common.DefaultTestLoader.doLoad(DefaultTestLoader.java:116)
	at com.consol.citrus.common.DefaultTestLoader.load(DefaultTestLoader.java:94)
	at com.consol.citrus.testng.TestNGHelper.invokeTestMethod(TestNGHelper.java:83)
	at com.consol.citrus.testng.spring.TestNGCitrusSpringSupport.run(TestNGCitrusSpringSupport.java:185)
	at com.consol.citrus.testng.spring.TestNGCitrusSpringSupport.run(TestNGCitrusSpringSupport.java:101)
	at org.testng.internal.invokers.MethodInvocationHelper.invokeHookable(MethodInvocationHelper.java:272)
	at org.testng.internal.invokers.TestInvoker.invokeMethod(TestInvoker.java:669)
	at org.testng.internal.invokers.TestInvoker.invokeTestMethod(TestInvoker.java:221)
	at org.testng.internal.invokers.MethodRunner.runInSequence(MethodRunner.java:50)
	at org.testng.internal.invokers.TestInvoker$MethodInvocationAgent.invoke(TestInvoker.java:969)
	at org.testng.internal.invokers.TestInvoker.invokeTestMethods(TestInvoker.java:194)
	at org.testng.internal.invokers.TestMethodWorker.invokeTestMethods(TestMethodWorker.java:148)
	at org.testng.internal.invokers.TestMethodWorker.run(TestMethodWorker.java:128)
	at java.base/java.util.ArrayList.forEach(ArrayList.java:1541)
	at org.testng.TestRunner.privateRun(TestRunner.java:829)
	at org.testng.TestRunner.run(TestRunner.java:602)
	at org.testng.SuiteRunner.runTest(SuiteRunner.java:437)
	at org.testng.SuiteRunner.runSequentially(SuiteRunner.java:431)
	at org.testng.SuiteRunner.privateRun(SuiteRunner.java:391)
	at org.testng.SuiteRunner.run(SuiteRunner.java:330)
	at org.testng.SuiteRunnerWorker.runSuite(SuiteRunnerWorker.java:52)
	at org.testng.SuiteRunnerWorker.run(SuiteRunnerWorker.java:95)
	at org.testng.TestNG.runSuitesSequentially(TestNG.java:1256)
	at org.testng.TestNG.runSuitesLocally(TestNG.java:1176)
	at org.testng.TestNG.runSuites(TestNG.java:1099)
	at org.testng.TestNG.run(TestNG.java:1067)
	at org.gradle.api.internal.tasks.testing.testng.TestNGTestClassProcessor.runTests(TestNGTestClassProcessor.java:145)
	at org.gradle.api.internal.tasks.testing.testng.TestNGTestClassProcessor.stop(TestNGTestClassProcessor.java:92)
	at org.gradle.api.internal.tasks.testing.SuiteTestClassProcessor.stop(SuiteTestClassProcessor.java:62)
	at java.base/jdk.internal.reflect.NativeMethodAccessorImpl.invoke0(Native Method)
	at java.base/jdk.internal.reflect.NativeMethodAccessorImpl.invoke(NativeMethodAccessorImpl.java:62)
	at java.base/jdk.internal.reflect.DelegatingMethodAccessorImpl.invoke(DelegatingMethodAccessorImpl.java:43)
	at java.base/java.lang.reflect.Method.invoke(Method.java:566)
	at org.gradle.internal.dispatch.ReflectionDispatch.dispatch(ReflectionDispatch.java:36)
	at org.gradle.internal.dispatch.ReflectionDispatch.dispatch(ReflectionDispatch.java:24)
	at org.gradle.internal.dispatch.ContextClassLoaderDispatch.dispatch(ContextClassLoaderDispatch.java:33)
	at org.gradle.internal.dispatch.ProxyDispatchAdapter$DispatchingInvocationHandler.invoke(ProxyDispatchAdapter.java:94)
	at com.sun.proxy.$Proxy2.stop(Unknown Source)
	at org.gradle.api.internal.tasks.testing.worker.TestWorker$3.run(TestWorker.java:193)
	at org.gradle.api.internal.tasks.testing.worker.TestWorker.executeAndMaintainThreadName(TestWorker.java:129)
	at org.gradle.api.internal.tasks.testing.worker.TestWorker.execute(TestWorker.java:100)
	at org.gradle.api.internal.tasks.testing.worker.TestWorker.execute(TestWorker.java:60)
	at org.gradle.process.internal.worker.child.ActionExecutionWorker.execute(ActionExecutionWorker.java:56)
	at org.gradle.process.internal.worker.child.SystemApplicationClassLoaderWorker.call(SystemApplicationClassLoaderWorker.java:113)
	at org.gradle.process.internal.worker.child.SystemApplicationClassLoaderWorker.call(SystemApplicationClassLoaderWorker.java:65)
	at worker.org.gradle.process.internal.worker.GradleWorkerMain.run(GradleWorkerMain.java:69)
	at worker.org.gradle.process.internal.worker.GradleWorkerMain.main(GradleWorkerMain.java:74)
Caused by: org.springframework.beans.factory.NoSuchBeanDefinitionException: No bean named 'com.consol.citrus.http.client.HttpClient@72ea6fcb' available
	at org.springframework.beans.factory.support.DefaultListableBeanFactory.getBeanDefinition(DefaultListableBeanFactory.java:874)
	at org.springframework.beans.factory.support.AbstractBeanFactory.getMergedLocalBeanDefinition(AbstractBeanFactory.java:1358)
	at org.springframework.beans.factory.support.AbstractBeanFactory.doGetBean(AbstractBeanFactory.java:309)
	at org.springframework.beans.factory.support.AbstractBeanFactory.getBean(AbstractBeanFactory.java:213)
	at org.springframework.context.support.AbstractApplicationContext.getBean(AbstractApplicationContext.java:1160)
	at com.consol.citrus.context.SpringBeanReferenceResolver.resolve(SpringBeanReferenceResolver.java:86)
	... 64 more

        ]]>
      </failure>
    </testcase>
    <testcase name="DuckTest.successfulCreateDuck3" classname="autotests.tests.DuckTest" time="0.0">
      <failure type="com.consol.citrus.exceptions.CitrusRuntimeException" message="Unable to find bean reference for name &apos;com.consol.citrus.http.client.HttpClient@72ea6fcb&apos;">
        <![CDATA[
        com.consol.citrus.exceptions.CitrusRuntimeException: Unable to find bean reference for name 'com.consol.citrus.http.client.HttpClient@72ea6fcb'
	at com.consol.citrus.context.SpringBeanReferenceResolver.lambda$resolve$2(SpringBeanReferenceResolver.java:93)
	at java.base/java.util.Optional.orElseThrow(Optional.java:408)
	at com.consol.citrus.context.SpringBeanReferenceResolver.resolve(SpringBeanReferenceResolver.java:93)
	at com.consol.citrus.endpoint.DefaultEndpointFactory.create(DefaultEndpointFactory.java:106)
	at com.consol.citrus.actions.SendMessageAction.getOrCreateEndpoint(SendMessageAction.java:279)
	at com.consol.citrus.actions.SendMessageAction.isDisabled(SendMessageAction.java:233)
	at com.consol.citrus.DefaultTestCase.executeAction(DefaultTestCase.java:133)
	at com.consol.citrus.DefaultTestCaseRunner.run(DefaultTestCaseRunner.java:125)
	at com.consol.citrus.TestActionRunner.$(TestActionRunner.java:35)
	at autotests.tests.BaseTest.sendPostRequest(BaseTest.java:34)
	at autotests.clients.DuckCRUDClient.duckCreate(DuckCRUDClient.java:27)
	at autotests.tests.DuckTest.successfulCreateDuck3(DuckTest.java:49)
	at java.base/jdk.internal.reflect.NativeMethodAccessorImpl.invoke0(Native Method)
	at java.base/jdk.internal.reflect.NativeMethodAccessorImpl.invoke(NativeMethodAccessorImpl.java:62)
	at java.base/jdk.internal.reflect.DelegatingMethodAccessorImpl.invoke(DelegatingMethodAccessorImpl.java:43)
	at java.base/java.lang.reflect.Method.invoke(Method.java:566)
	at org.springframework.util.ReflectionUtils.invokeMethod(ReflectionUtils.java:282)
	at com.consol.citrus.testng.TestNGHelper.lambda$invokeTestMethod$1(TestNGHelper.java:82)
	at com.consol.citrus.common.DefaultTestLoader.lambda$doLoad$1(DefaultTestLoader.java:116)
	at java.base/java.util.ArrayList.forEach(ArrayList.java:1541)
	at com.consol.citrus.common.DefaultTestLoader.doLoad(DefaultTestLoader.java:116)
	at com.consol.citrus.common.DefaultTestLoader.load(DefaultTestLoader.java:94)
	at com.consol.citrus.testng.TestNGHelper.invokeTestMethod(TestNGHelper.java:83)
	at com.consol.citrus.testng.spring.TestNGCitrusSpringSupport.run(TestNGCitrusSpringSupport.java:185)
	at com.consol.citrus.testng.spring.TestNGCitrusSpringSupport.run(TestNGCitrusSpringSupport.java:101)
	at org.testng.internal.invokers.MethodInvocationHelper.invokeHookable(MethodInvocationHelper.java:272)
	at org.testng.internal.invokers.TestInvoker.invokeMethod(TestInvoker.java:669)
	at org.testng.internal.invokers.TestInvoker.invokeTestMethod(TestInvoker.java:221)
	at org.testng.internal.invokers.MethodRunner.runInSequence(MethodRunner.java:50)
	at org.testng.internal.invokers.TestInvoker$MethodInvocationAgent.invoke(TestInvoker.java:969)
	at org.testng.internal.invokers.TestInvoker.invokeTestMethods(TestInvoker.java:194)
	at org.testng.internal.invokers.TestMethodWorker.invokeTestMethods(TestMethodWorker.java:148)
	at org.testng.internal.invokers.TestMethodWorker.run(TestMethodWorker.java:128)
	at java.base/java.util.ArrayList.forEach(ArrayList.java:1541)
	at org.testng.TestRunner.privateRun(TestRunner.java:829)
	at org.testng.TestRunner.run(TestRunner.java:602)
	at org.testng.SuiteRunner.runTest(SuiteRunner.java:437)
	at org.testng.SuiteRunner.runSequentially(SuiteRunner.java:431)
	at org.testng.SuiteRunner.privateRun(SuiteRunner.java:391)
	at org.testng.SuiteRunner.run(SuiteRunner.java:330)
	at org.testng.SuiteRunnerWorker.runSuite(SuiteRunnerWorker.java:52)
	at org.testng.SuiteRunnerWorker.run(SuiteRunnerWorker.java:95)
	at org.testng.TestNG.runSuitesSequentially(TestNG.java:1256)
	at org.testng.TestNG.runSuitesLocally(TestNG.java:1176)
	at org.testng.TestNG.runSuites(TestNG.java:1099)
	at org.testng.TestNG.run(TestNG.java:1067)
	at org.gradle.api.internal.tasks.testing.testng.TestNGTestClassProcessor.runTests(TestNGTestClassProcessor.java:145)
	at org.gradle.api.internal.tasks.testing.testng.TestNGTestClassProcessor.stop(TestNGTestClassProcessor.java:92)
	at org.gradle.api.internal.tasks.testing.SuiteTestClassProcessor.stop(SuiteTestClassProcessor.java:62)
	at java.base/jdk.internal.reflect.NativeMethodAccessorImpl.invoke0(Native Method)
	at java.base/jdk.internal.reflect.NativeMethodAccessorImpl.invoke(NativeMethodAccessorImpl.java:62)
	at java.base/jdk.internal.reflect.DelegatingMethodAccessorImpl.invoke(DelegatingMethodAccessorImpl.java:43)
	at java.base/java.lang.reflect.Method.invoke(Method.java:566)
	at org.gradle.internal.dispatch.ReflectionDispatch.dispatch(ReflectionDispatch.java:36)
	at org.gradle.internal.dispatch.ReflectionDispatch.dispatch(ReflectionDispatch.java:24)
	at org.gradle.internal.dispatch.ContextClassLoaderDispatch.dispatch(ContextClassLoaderDispatch.java:33)
	at org.gradle.internal.dispatch.ProxyDispatchAdapter$DispatchingInvocationHandler.invoke(ProxyDispatchAdapter.java:94)
	at com.sun.proxy.$Proxy2.stop(Unknown Source)
	at org.gradle.api.internal.tasks.testing.worker.TestWorker$3.run(TestWorker.java:193)
	at org.gradle.api.internal.tasks.testing.worker.TestWorker.executeAndMaintainThreadName(TestWorker.java:129)
	at org.gradle.api.internal.tasks.testing.worker.TestWorker.execute(TestWorker.java:100)
	at org.gradle.api.internal.tasks.testing.worker.TestWorker.execute(TestWorker.java:60)
	at org.gradle.process.internal.worker.child.ActionExecutionWorker.execute(ActionExecutionWorker.java:56)
	at org.gradle.process.internal.worker.child.SystemApplicationClassLoaderWorker.call(SystemApplicationClassLoaderWorker.java:113)
	at org.gradle.process.internal.worker.child.SystemApplicationClassLoaderWorker.call(SystemApplicationClassLoaderWorker.java:65)
	at worker.org.gradle.process.internal.worker.GradleWorkerMain.run(GradleWorkerMain.java:69)
	at worker.org.gradle.process.internal.worker.GradleWorkerMain.main(GradleWorkerMain.java:74)
Caused by: org.springframework.beans.factory.NoSuchBeanDefinitionException: No bean named 'com.consol.citrus.http.client.HttpClient@72ea6fcb' available
	at org.springframework.beans.factory.support.DefaultListableBeanFactory.getBeanDefinition(DefaultListableBeanFactory.java:874)
	at org.springframework.beans.factory.support.AbstractBeanFactory.getMergedLocalBeanDefinition(AbstractBeanFactory.java:1358)
	at org.springframework.beans.factory.support.AbstractBeanFactory.doGetBean(AbstractBeanFactory.java:309)
	at org.springframework.beans.factory.support.AbstractBeanFactory.getBean(AbstractBeanFactory.java:213)
	at org.springframework.context.support.AbstractApplicationContext.getBean(AbstractApplicationContext.java:1160)
	at com.consol.citrus.context.SpringBeanReferenceResolver.resolve(SpringBeanReferenceResolver.java:86)
	... 64 more

        ]]>
      </failure>
    </testcase>
    <testcase name="DuckTest.successfulCreateDuck4" classname="autotests.tests.DuckTest" time="0.0">
      <failure type="com.consol.citrus.exceptions.CitrusRuntimeException" message="Unable to find bean reference for name &apos;com.consol.citrus.http.client.HttpClient@72ea6fcb&apos;">
        <![CDATA[
        com.consol.citrus.exceptions.CitrusRuntimeException: Unable to find bean reference for name 'com.consol.citrus.http.client.HttpClient@72ea6fcb'
	at com.consol.citrus.context.SpringBeanReferenceResolver.lambda$resolve$2(SpringBeanReferenceResolver.java:93)
	at java.base/java.util.Optional.orElseThrow(Optional.java:408)
	at com.consol.citrus.context.SpringBeanReferenceResolver.resolve(SpringBeanReferenceResolver.java:93)
	at com.consol.citrus.endpoint.DefaultEndpointFactory.create(DefaultEndpointFactory.java:106)
	at com.consol.citrus.actions.SendMessageAction.getOrCreateEndpoint(SendMessageAction.java:279)
	at com.consol.citrus.actions.SendMessageAction.isDisabled(SendMessageAction.java:233)
	at com.consol.citrus.DefaultTestCase.executeAction(DefaultTestCase.java:133)
	at com.consol.citrus.DefaultTestCaseRunner.run(DefaultTestCaseRunner.java:125)
	at com.consol.citrus.TestActionRunner.$(TestActionRunner.java:35)
	at autotests.tests.BaseTest.sendPostRequest(BaseTest.java:34)
	at autotests.clients.DuckCRUDClient.duckCreate(DuckCRUDClient.java:27)
	at autotests.tests.DuckTest.successfulCreateDuck4(DuckTest.java:61)
	at java.base/jdk.internal.reflect.NativeMethodAccessorImpl.invoke0(Native Method)
	at java.base/jdk.internal.reflect.NativeMethodAccessorImpl.invoke(NativeMethodAccessorImpl.java:62)
	at java.base/jdk.internal.reflect.DelegatingMethodAccessorImpl.invoke(DelegatingMethodAccessorImpl.java:43)
	at java.base/java.lang.reflect.Method.invoke(Method.java:566)
	at org.springframework.util.ReflectionUtils.invokeMethod(ReflectionUtils.java:282)
	at com.consol.citrus.testng.TestNGHelper.lambda$invokeTestMethod$1(TestNGHelper.java:82)
	at com.consol.citrus.common.DefaultTestLoader.lambda$doLoad$1(DefaultTestLoader.java:116)
	at java.base/java.util.ArrayList.forEach(ArrayList.java:1541)
	at com.consol.citrus.common.DefaultTestLoader.doLoad(DefaultTestLoader.java:116)
	at com.consol.citrus.common.DefaultTestLoader.load(DefaultTestLoader.java:94)
	at com.consol.citrus.testng.TestNGHelper.invokeTestMethod(TestNGHelper.java:83)
	at com.consol.citrus.testng.spring.TestNGCitrusSpringSupport.run(TestNGCitrusSpringSupport.java:185)
	at com.consol.citrus.testng.spring.TestNGCitrusSpringSupport.run(TestNGCitrusSpringSupport.java:101)
	at org.testng.internal.invokers.MethodInvocationHelper.invokeHookable(MethodInvocationHelper.java:272)
	at org.testng.internal.invokers.TestInvoker.invokeMethod(TestInvoker.java:669)
	at org.testng.internal.invokers.TestInvoker.invokeTestMethod(TestInvoker.java:221)
	at org.testng.internal.invokers.MethodRunner.runInSequence(MethodRunner.java:50)
	at org.testng.internal.invokers.TestInvoker$MethodInvocationAgent.invoke(TestInvoker.java:969)
	at org.testng.internal.invokers.TestInvoker.invokeTestMethods(TestInvoker.java:194)
	at org.testng.internal.invokers.TestMethodWorker.invokeTestMethods(TestMethodWorker.java:148)
	at org.testng.internal.invokers.TestMethodWorker.run(TestMethodWorker.java:128)
	at java.base/java.util.ArrayList.forEach(ArrayList.java:1541)
	at org.testng.TestRunner.privateRun(TestRunner.java:829)
	at org.testng.TestRunner.run(TestRunner.java:602)
	at org.testng.SuiteRunner.runTest(SuiteRunner.java:437)
	at org.testng.SuiteRunner.runSequentially(SuiteRunner.java:431)
	at org.testng.SuiteRunner.privateRun(SuiteRunner.java:391)
	at org.testng.SuiteRunner.run(SuiteRunner.java:330)
	at org.testng.SuiteRunnerWorker.runSuite(SuiteRunnerWorker.java:52)
	at org.testng.SuiteRunnerWorker.run(SuiteRunnerWorker.java:95)
	at org.testng.TestNG.runSuitesSequentially(TestNG.java:1256)
	at org.testng.TestNG.runSuitesLocally(TestNG.java:1176)
	at org.testng.TestNG.runSuites(TestNG.java:1099)
	at org.testng.TestNG.run(TestNG.java:1067)
	at org.gradle.api.internal.tasks.testing.testng.TestNGTestClassProcessor.runTests(TestNGTestClassProcessor.java:145)
	at org.gradle.api.internal.tasks.testing.testng.TestNGTestClassProcessor.stop(TestNGTestClassProcessor.java:92)
	at org.gradle.api.internal.tasks.testing.SuiteTestClassProcessor.stop(SuiteTestClassProcessor.java:62)
	at java.base/jdk.internal.reflect.NativeMethodAccessorImpl.invoke0(Native Method)
	at java.base/jdk.internal.reflect.NativeMethodAccessorImpl.invoke(NativeMethodAccessorImpl.java:62)
	at java.base/jdk.internal.reflect.DelegatingMethodAccessorImpl.invoke(DelegatingMethodAccessorImpl.java:43)
	at java.base/java.lang.reflect.Method.invoke(Method.java:566)
	at org.gradle.internal.dispatch.ReflectionDispatch.dispatch(ReflectionDispatch.java:36)
	at org.gradle.internal.dispatch.ReflectionDispatch.dispatch(ReflectionDispatch.java:24)
	at org.gradle.internal.dispatch.ContextClassLoaderDispatch.dispatch(ContextClassLoaderDispatch.java:33)
	at org.gradle.internal.dispatch.ProxyDispatchAdapter$DispatchingInvocationHandler.invoke(ProxyDispatchAdapter.java:94)
	at com.sun.proxy.$Proxy2.stop(Unknown Source)
	at org.gradle.api.internal.tasks.testing.worker.TestWorker$3.run(TestWorker.java:193)
	at org.gradle.api.internal.tasks.testing.worker.TestWorker.executeAndMaintainThreadName(TestWorker.java:129)
	at org.gradle.api.internal.tasks.testing.worker.TestWorker.execute(TestWorker.java:100)
	at org.gradle.api.internal.tasks.testing.worker.TestWorker.execute(TestWorker.java:60)
	at org.gradle.process.internal.worker.child.ActionExecutionWorker.execute(ActionExecutionWorker.java:56)
	at org.gradle.process.internal.worker.child.SystemApplicationClassLoaderWorker.call(SystemApplicationClassLoaderWorker.java:113)
	at org.gradle.process.internal.worker.child.SystemApplicationClassLoaderWorker.call(SystemApplicationClassLoaderWorker.java:65)
	at worker.org.gradle.process.internal.worker.GradleWorkerMain.run(GradleWorkerMain.java:69)
	at worker.org.gradle.process.internal.worker.GradleWorkerMain.main(GradleWorkerMain.java:74)
Caused by: org.springframework.beans.factory.NoSuchBeanDefinitionException: No bean named 'com.consol.citrus.http.client.HttpClient@72ea6fcb' available
	at org.springframework.beans.factory.support.DefaultListableBeanFactory.getBeanDefinition(DefaultListableBeanFactory.java:874)
	at org.springframework.beans.factory.support.AbstractBeanFactory.getMergedLocalBeanDefinition(AbstractBeanFactory.java:1358)
	at org.springframework.beans.factory.support.AbstractBeanFactory.doGetBean(AbstractBeanFactory.java:309)
	at org.springframework.beans.factory.support.AbstractBeanFactory.getBean(AbstractBeanFactory.java:213)
	at org.springframework.context.support.AbstractApplicationContext.getBean(AbstractApplicationContext.java:1160)
	at com.consol.citrus.context.SpringBeanReferenceResolver.resolve(SpringBeanReferenceResolver.java:86)
	... 64 more

        ]]>
      </failure>
    </testcase>
    <testcase name="DuckTest.successfulCreateDuck_1" classname="autotests.tests.DuckTest" time="0.0">
      <failure type="com.consol.citrus.exceptions.CitrusRuntimeException" message="Unable to find bean reference for name &apos;com.consol.citrus.http.client.HttpClient@72ea6fcb&apos;">
        <![CDATA[
        com.consol.citrus.exceptions.CitrusRuntimeException: Unable to find bean reference for name 'com.consol.citrus.http.client.HttpClient@72ea6fcb'
	at com.consol.citrus.context.SpringBeanReferenceResolver.lambda$resolve$2(SpringBeanReferenceResolver.java:93)
	at java.base/java.util.Optional.orElseThrow(Optional.java:408)
	at com.consol.citrus.context.SpringBeanReferenceResolver.resolve(SpringBeanReferenceResolver.java:93)
	at com.consol.citrus.endpoint.DefaultEndpointFactory.create(DefaultEndpointFactory.java:106)
	at com.consol.citrus.actions.SendMessageAction.getOrCreateEndpoint(SendMessageAction.java:279)
	at com.consol.citrus.actions.SendMessageAction.isDisabled(SendMessageAction.java:233)
	at com.consol.citrus.DefaultTestCase.executeAction(DefaultTestCase.java:133)
	at com.consol.citrus.DefaultTestCaseRunner.run(DefaultTestCaseRunner.java:125)
	at com.consol.citrus.TestActionRunner.$(TestActionRunner.java:35)
	at autotests.tests.BaseTest.sendPostRequest(BaseTest.java:34)
	at autotests.clients.DuckCRUDClient.duckCreate(DuckCRUDClient.java:27)
	at autotests.tests.DuckTest.successfulCreateDuck_1(DuckTest.java:122)
	at java.base/jdk.internal.reflect.NativeMethodAccessorImpl.invoke0(Native Method)
	at java.base/jdk.internal.reflect.NativeMethodAccessorImpl.invoke(NativeMethodAccessorImpl.java:62)
	at java.base/jdk.internal.reflect.DelegatingMethodAccessorImpl.invoke(DelegatingMethodAccessorImpl.java:43)
	at java.base/java.lang.reflect.Method.invoke(Method.java:566)
	at org.springframework.util.ReflectionUtils.invokeMethod(ReflectionUtils.java:282)
	at com.consol.citrus.testng.TestNGHelper.lambda$invokeTestMethod$1(TestNGHelper.java:82)
	at com.consol.citrus.common.DefaultTestLoader.lambda$doLoad$1(DefaultTestLoader.java:116)
	at java.base/java.util.ArrayList.forEach(ArrayList.java:1541)
	at com.consol.citrus.common.DefaultTestLoader.doLoad(DefaultTestLoader.java:116)
	at com.consol.citrus.common.DefaultTestLoader.load(DefaultTestLoader.java:94)
	at com.consol.citrus.testng.TestNGHelper.invokeTestMethod(TestNGHelper.java:83)
	at com.consol.citrus.testng.spring.TestNGCitrusSpringSupport.run(TestNGCitrusSpringSupport.java:185)
	at com.consol.citrus.testng.spring.TestNGCitrusSpringSupport.run(TestNGCitrusSpringSupport.java:101)
	at org.testng.internal.invokers.MethodInvocationHelper.invokeHookable(MethodInvocationHelper.java:272)
	at org.testng.internal.invokers.TestInvoker.invokeMethod(TestInvoker.java:669)
	at org.testng.internal.invokers.TestInvoker.invokeTestMethod(TestInvoker.java:221)
	at org.testng.internal.invokers.MethodRunner.runInSequence(MethodRunner.java:50)
	at org.testng.internal.invokers.TestInvoker$MethodInvocationAgent.invoke(TestInvoker.java:969)
	at org.testng.internal.invokers.TestInvoker.invokeTestMethods(TestInvoker.java:194)
	at org.testng.internal.invokers.TestMethodWorker.invokeTestMethods(TestMethodWorker.java:148)
	at org.testng.internal.invokers.TestMethodWorker.run(TestMethodWorker.java:128)
	at java.base/java.util.ArrayList.forEach(ArrayList.java:1541)
	at org.testng.TestRunner.privateRun(TestRunner.java:829)
	at org.testng.TestRunner.run(TestRunner.java:602)
	at org.testng.SuiteRunner.runTest(SuiteRunner.java:437)
	at org.testng.SuiteRunner.runSequentially(SuiteRunner.java:431)
	at org.testng.SuiteRunner.privateRun(SuiteRunner.java:391)
	at org.testng.SuiteRunner.run(SuiteRunner.java:330)
	at org.testng.SuiteRunnerWorker.runSuite(SuiteRunnerWorker.java:52)
	at org.testng.SuiteRunnerWorker.run(SuiteRunnerWorker.java:95)
	at org.testng.TestNG.runSuitesSequentially(TestNG.java:1256)
	at org.testng.TestNG.runSuitesLocally(TestNG.java:1176)
	at org.testng.TestNG.runSuites(TestNG.java:1099)
	at org.testng.TestNG.run(TestNG.java:1067)
	at org.gradle.api.internal.tasks.testing.testng.TestNGTestClassProcessor.runTests(TestNGTestClassProcessor.java:145)
	at org.gradle.api.internal.tasks.testing.testng.TestNGTestClassProcessor.stop(TestNGTestClassProcessor.java:92)
	at org.gradle.api.internal.tasks.testing.SuiteTestClassProcessor.stop(SuiteTestClassProcessor.java:62)
	at java.base/jdk.internal.reflect.NativeMethodAccessorImpl.invoke0(Native Method)
	at java.base/jdk.internal.reflect.NativeMethodAccessorImpl.invoke(NativeMethodAccessorImpl.java:62)
	at java.base/jdk.internal.reflect.DelegatingMethodAccessorImpl.invoke(DelegatingMethodAccessorImpl.java:43)
	at java.base/java.lang.reflect.Method.invoke(Method.java:566)
	at org.gradle.internal.dispatch.ReflectionDispatch.dispatch(ReflectionDispatch.java:36)
	at org.gradle.internal.dispatch.ReflectionDispatch.dispatch(ReflectionDispatch.java:24)
	at org.gradle.internal.dispatch.ContextClassLoaderDispatch.dispatch(ContextClassLoaderDispatch.java:33)
	at org.gradle.internal.dispatch.ProxyDispatchAdapter$DispatchingInvocationHandler.invoke(ProxyDispatchAdapter.java:94)
	at com.sun.proxy.$Proxy2.stop(Unknown Source)
	at org.gradle.api.internal.tasks.testing.worker.TestWorker$3.run(TestWorker.java:193)
	at org.gradle.api.internal.tasks.testing.worker.TestWorker.executeAndMaintainThreadName(TestWorker.java:129)
	at org.gradle.api.internal.tasks.testing.worker.TestWorker.execute(TestWorker.java:100)
	at org.gradle.api.internal.tasks.testing.worker.TestWorker.execute(TestWorker.java:60)
	at org.gradle.process.internal.worker.child.ActionExecutionWorker.execute(ActionExecutionWorker.java:56)
	at org.gradle.process.internal.worker.child.SystemApplicationClassLoaderWorker.call(SystemApplicationClassLoaderWorker.java:113)
	at org.gradle.process.internal.worker.child.SystemApplicationClassLoaderWorker.call(SystemApplicationClassLoaderWorker.java:65)
	at worker.org.gradle.process.internal.worker.GradleWorkerMain.run(GradleWorkerMain.java:69)
	at worker.org.gradle.process.internal.worker.GradleWorkerMain.main(GradleWorkerMain.java:74)
Caused by: org.springframework.beans.factory.NoSuchBeanDefinitionException: No bean named 'com.consol.citrus.http.client.HttpClient@72ea6fcb' available
	at org.springframework.beans.factory.support.DefaultListableBeanFactory.getBeanDefinition(DefaultListableBeanFactory.java:874)
	at org.springframework.beans.factory.support.AbstractBeanFactory.getMergedLocalBeanDefinition(AbstractBeanFactory.java:1358)
	at org.springframework.beans.factory.support.AbstractBeanFactory.doGetBean(AbstractBeanFactory.java:309)
	at org.springframework.beans.factory.support.AbstractBeanFactory.getBean(AbstractBeanFactory.java:213)
	at org.springframework.context.support.AbstractApplicationContext.getBean(AbstractApplicationContext.java:1160)
	at com.consol.citrus.context.SpringBeanReferenceResolver.resolve(SpringBeanReferenceResolver.java:86)
	... 64 more

        ]]>
      </failure>
    </testcase>
    <testcase name="DuckTest.successfulDeleteDuck" classname="autotests.tests.DuckTest" time="0.0">
      <failure type="com.consol.citrus.exceptions.CitrusRuntimeException" message="Failed to get correlation key for &apos;citrus_message_correlator_yellowDuckService&apos;">
        <![CDATA[
        com.consol.citrus.exceptions.CitrusRuntimeException: Failed to get correlation key for 'citrus_message_correlator_yellowDuckService'
	at com.consol.citrus.message.correlation.PollingCorrelationManager.getCorrelationKey(PollingCorrelationManager.java:96)
	at com.consol.citrus.http.client.HttpClient.receive(HttpClient.java:158)
	at com.consol.citrus.actions.ReceiveMessageAction.receive(ReceiveMessageAction.java:178)
	at com.consol.citrus.actions.ReceiveMessageAction.doExecute(ReceiveMessageAction.java:160)
	at com.consol.citrus.actions.AbstractTestAction.execute(AbstractTestAction.java:59)
	at com.consol.citrus.DefaultTestCase.executeAction(DefaultTestCase.java:136)
	at com.consol.citrus.DefaultTestCaseRunner.run(DefaultTestCaseRunner.java:125)
	at com.consol.citrus.TestActionRunner.$(TestActionRunner.java:35)
	at autotests.tests.BaseTest.validateJSONRequest(BaseTest.java:74)
	at autotests.clients.DuckCRUDClient.validateResponse(DuckCRUDClient.java:78)
	at autotests.tests.DuckTest.successfulDeleteDuck(DuckTest.java:74)
	at java.base/jdk.internal.reflect.NativeMethodAccessorImpl.invoke0(Native Method)
	at java.base/jdk.internal.reflect.NativeMethodAccessorImpl.invoke(NativeMethodAccessorImpl.java:62)
	at java.base/jdk.internal.reflect.DelegatingMethodAccessorImpl.invoke(DelegatingMethodAccessorImpl.java:43)
	at java.base/java.lang.reflect.Method.invoke(Method.java:566)
	at org.springframework.util.ReflectionUtils.invokeMethod(ReflectionUtils.java:282)
	at com.consol.citrus.testng.TestNGHelper.lambda$invokeTestMethod$1(TestNGHelper.java:82)
	at com.consol.citrus.common.DefaultTestLoader.lambda$doLoad$1(DefaultTestLoader.java:116)
	at java.base/java.util.ArrayList.forEach(ArrayList.java:1541)
	at com.consol.citrus.common.DefaultTestLoader.doLoad(DefaultTestLoader.java:116)
	at com.consol.citrus.common.DefaultTestLoader.load(DefaultTestLoader.java:94)
	at com.consol.citrus.testng.TestNGHelper.invokeTestMethod(TestNGHelper.java:83)
	at com.consol.citrus.testng.spring.TestNGCitrusSpringSupport.run(TestNGCitrusSpringSupport.java:185)
	at com.consol.citrus.testng.spring.TestNGCitrusSpringSupport.run(TestNGCitrusSpringSupport.java:101)
	at org.testng.internal.invokers.MethodInvocationHelper.invokeHookable(MethodInvocationHelper.java:272)
	at org.testng.internal.invokers.TestInvoker.invokeMethod(TestInvoker.java:669)
	at org.testng.internal.invokers.TestInvoker.invokeTestMethod(TestInvoker.java:221)
	at org.testng.internal.invokers.MethodRunner.runInSequence(MethodRunner.java:50)
	at org.testng.internal.invokers.TestInvoker$MethodInvocationAgent.invoke(TestInvoker.java:969)
	at org.testng.internal.invokers.TestInvoker.invokeTestMethods(TestInvoker.java:194)
	at org.testng.internal.invokers.TestMethodWorker.invokeTestMethods(TestMethodWorker.java:148)
	at org.testng.internal.invokers.TestMethodWorker.run(TestMethodWorker.java:128)
	at java.base/java.util.ArrayList.forEach(ArrayList.java:1541)
	at org.testng.TestRunner.privateRun(TestRunner.java:829)
	at org.testng.TestRunner.run(TestRunner.java:602)
	at org.testng.SuiteRunner.runTest(SuiteRunner.java:437)
	at org.testng.SuiteRunner.runSequentially(SuiteRunner.java:431)
	at org.testng.SuiteRunner.privateRun(SuiteRunner.java:391)
	at org.testng.SuiteRunner.run(SuiteRunner.java:330)
	at org.testng.SuiteRunnerWorker.runSuite(SuiteRunnerWorker.java:52)
	at org.testng.SuiteRunnerWorker.run(SuiteRunnerWorker.java:95)
	at org.testng.TestNG.runSuitesSequentially(TestNG.java:1256)
	at org.testng.TestNG.runSuitesLocally(TestNG.java:1176)
	at org.testng.TestNG.runSuites(TestNG.java:1099)
	at org.testng.TestNG.run(TestNG.java:1067)
	at org.gradle.api.internal.tasks.testing.testng.TestNGTestClassProcessor.runTests(TestNGTestClassProcessor.java:145)
	at org.gradle.api.internal.tasks.testing.testng.TestNGTestClassProcessor.stop(TestNGTestClassProcessor.java:92)
	at org.gradle.api.internal.tasks.testing.SuiteTestClassProcessor.stop(SuiteTestClassProcessor.java:62)
	at java.base/jdk.internal.reflect.NativeMethodAccessorImpl.invoke0(Native Method)
	at java.base/jdk.internal.reflect.NativeMethodAccessorImpl.invoke(NativeMethodAccessorImpl.java:62)
	at java.base/jdk.internal.reflect.DelegatingMethodAccessorImpl.invoke(DelegatingMethodAccessorImpl.java:43)
	at java.base/java.lang.reflect.Method.invoke(Method.java:566)
	at org.gradle.internal.dispatch.ReflectionDispatch.dispatch(ReflectionDispatch.java:36)
	at org.gradle.internal.dispatch.ReflectionDispatch.dispatch(ReflectionDispatch.java:24)
	at org.gradle.internal.dispatch.ContextClassLoaderDispatch.dispatch(ContextClassLoaderDispatch.java:33)
	at org.gradle.internal.dispatch.ProxyDispatchAdapter$DispatchingInvocationHandler.invoke(ProxyDispatchAdapter.java:94)
	at com.sun.proxy.$Proxy2.stop(Unknown Source)
	at org.gradle.api.internal.tasks.testing.worker.TestWorker$3.run(TestWorker.java:193)
	at org.gradle.api.internal.tasks.testing.worker.TestWorker.executeAndMaintainThreadName(TestWorker.java:129)
	at org.gradle.api.internal.tasks.testing.worker.TestWorker.execute(TestWorker.java:100)
	at org.gradle.api.internal.tasks.testing.worker.TestWorker.execute(TestWorker.java:60)
	at org.gradle.process.internal.worker.child.ActionExecutionWorker.execute(ActionExecutionWorker.java:56)
	at org.gradle.process.internal.worker.child.SystemApplicationClassLoaderWorker.call(SystemApplicationClassLoaderWorker.java:113)
	at org.gradle.process.internal.worker.child.SystemApplicationClassLoaderWorker.call(SystemApplicationClassLoaderWorker.java:65)
	at worker.org.gradle.process.internal.worker.GradleWorkerMain.run(GradleWorkerMain.java:69)
	at worker.org.gradle.process.internal.worker.GradleWorkerMain.main(GradleWorkerMain.java:74)

        ]]>
      </failure>
    </testcase>
    <testcase name="DuckTest.successfulGetAllIdsDuck1" classname="autotests.tests.DuckTest" time="0.0">
      <failure type="com.consol.citrus.exceptions.CitrusRuntimeException" message="Unable to find bean reference for name &apos;com.consol.citrus.http.client.HttpClient@72ea6fcb&apos;">
        <![CDATA[
        com.consol.citrus.exceptions.CitrusRuntimeException: Unable to find bean reference for name 'com.consol.citrus.http.client.HttpClient@72ea6fcb'
	at com.consol.citrus.context.SpringBeanReferenceResolver.lambda$resolve$2(SpringBeanReferenceResolver.java:93)
	at java.base/java.util.Optional.orElseThrow(Optional.java:408)
	at com.consol.citrus.context.SpringBeanReferenceResolver.resolve(SpringBeanReferenceResolver.java:93)
	at com.consol.citrus.endpoint.DefaultEndpointFactory.create(DefaultEndpointFactory.java:106)
	at com.consol.citrus.actions.SendMessageAction.getOrCreateEndpoint(SendMessageAction.java:279)
	at com.consol.citrus.actions.SendMessageAction.isDisabled(SendMessageAction.java:233)
	at com.consol.citrus.DefaultTestCase.executeAction(DefaultTestCase.java:133)
	at com.consol.citrus.DefaultTestCaseRunner.run(DefaultTestCaseRunner.java:125)
	at com.consol.citrus.TestActionRunner.$(TestActionRunner.java:35)
	at autotests.tests.BaseTest.sendDeleteRequest(BaseTest.java:47)
	at autotests.clients.DuckCRUDClient.duckGetAllIds(DuckCRUDClient.java:48)
	at autotests.tests.DuckTest.successfulGetAllIdsDuck1(DuckTest.java:97)
	at java.base/jdk.internal.reflect.NativeMethodAccessorImpl.invoke0(Native Method)
	at java.base/jdk.internal.reflect.NativeMethodAccessorImpl.invoke(NativeMethodAccessorImpl.java:62)
	at java.base/jdk.internal.reflect.DelegatingMethodAccessorImpl.invoke(DelegatingMethodAccessorImpl.java:43)
	at java.base/java.lang.reflect.Method.invoke(Method.java:566)
	at org.springframework.util.ReflectionUtils.invokeMethod(ReflectionUtils.java:282)
	at com.consol.citrus.testng.TestNGHelper.lambda$invokeTestMethod$1(TestNGHelper.java:82)
	at com.consol.citrus.common.DefaultTestLoader.lambda$doLoad$1(DefaultTestLoader.java:116)
	at java.base/java.util.ArrayList.forEach(ArrayList.java:1541)
	at com.consol.citrus.common.DefaultTestLoader.doLoad(DefaultTestLoader.java:116)
	at com.consol.citrus.common.DefaultTestLoader.load(DefaultTestLoader.java:94)
	at com.consol.citrus.testng.TestNGHelper.invokeTestMethod(TestNGHelper.java:83)
	at com.consol.citrus.testng.spring.TestNGCitrusSpringSupport.run(TestNGCitrusSpringSupport.java:185)
	at com.consol.citrus.testng.spring.TestNGCitrusSpringSupport.run(TestNGCitrusSpringSupport.java:101)
	at org.testng.internal.invokers.MethodInvocationHelper.invokeHookable(MethodInvocationHelper.java:272)
	at org.testng.internal.invokers.TestInvoker.invokeMethod(TestInvoker.java:669)
	at org.testng.internal.invokers.TestInvoker.invokeTestMethod(TestInvoker.java:221)
	at org.testng.internal.invokers.MethodRunner.runInSequence(MethodRunner.java:50)
	at org.testng.internal.invokers.TestInvoker$MethodInvocationAgent.invoke(TestInvoker.java:969)
	at org.testng.internal.invokers.TestInvoker.invokeTestMethods(TestInvoker.java:194)
	at org.testng.internal.invokers.TestMethodWorker.invokeTestMethods(TestMethodWorker.java:148)
	at org.testng.internal.invokers.TestMethodWorker.run(TestMethodWorker.java:128)
	at java.base/java.util.ArrayList.forEach(ArrayList.java:1541)
	at org.testng.TestRunner.privateRun(TestRunner.java:829)
	at org.testng.TestRunner.run(TestRunner.java:602)
	at org.testng.SuiteRunner.runTest(SuiteRunner.java:437)
	at org.testng.SuiteRunner.runSequentially(SuiteRunner.java:431)
	at org.testng.SuiteRunner.privateRun(SuiteRunner.java:391)
	at org.testng.SuiteRunner.run(SuiteRunner.java:330)
	at org.testng.SuiteRunnerWorker.runSuite(SuiteRunnerWorker.java:52)
	at org.testng.SuiteRunnerWorker.run(SuiteRunnerWorker.java:95)
	at org.testng.TestNG.runSuitesSequentially(TestNG.java:1256)
	at org.testng.TestNG.runSuitesLocally(TestNG.java:1176)
	at org.testng.TestNG.runSuites(TestNG.java:1099)
	at org.testng.TestNG.run(TestNG.java:1067)
	at org.gradle.api.internal.tasks.testing.testng.TestNGTestClassProcessor.runTests(TestNGTestClassProcessor.java:145)
	at org.gradle.api.internal.tasks.testing.testng.TestNGTestClassProcessor.stop(TestNGTestClassProcessor.java:92)
	at org.gradle.api.internal.tasks.testing.SuiteTestClassProcessor.stop(SuiteTestClassProcessor.java:62)
	at java.base/jdk.internal.reflect.NativeMethodAccessorImpl.invoke0(Native Method)
	at java.base/jdk.internal.reflect.NativeMethodAccessorImpl.invoke(NativeMethodAccessorImpl.java:62)
	at java.base/jdk.internal.reflect.DelegatingMethodAccessorImpl.invoke(DelegatingMethodAccessorImpl.java:43)
	at java.base/java.lang.reflect.Method.invoke(Method.java:566)
	at org.gradle.internal.dispatch.ReflectionDispatch.dispatch(ReflectionDispatch.java:36)
	at org.gradle.internal.dispatch.ReflectionDispatch.dispatch(ReflectionDispatch.java:24)
	at org.gradle.internal.dispatch.ContextClassLoaderDispatch.dispatch(ContextClassLoaderDispatch.java:33)
	at org.gradle.internal.dispatch.ProxyDispatchAdapter$DispatchingInvocationHandler.invoke(ProxyDispatchAdapter.java:94)
	at com.sun.proxy.$Proxy2.stop(Unknown Source)
	at org.gradle.api.internal.tasks.testing.worker.TestWorker$3.run(TestWorker.java:193)
	at org.gradle.api.internal.tasks.testing.worker.TestWorker.executeAndMaintainThreadName(TestWorker.java:129)
	at org.gradle.api.internal.tasks.testing.worker.TestWorker.execute(TestWorker.java:100)
	at org.gradle.api.internal.tasks.testing.worker.TestWorker.execute(TestWorker.java:60)
	at org.gradle.process.internal.worker.child.ActionExecutionWorker.execute(ActionExecutionWorker.java:56)
	at org.gradle.process.internal.worker.child.SystemApplicationClassLoaderWorker.call(SystemApplicationClassLoaderWorker.java:113)
	at org.gradle.process.internal.worker.child.SystemApplicationClassLoaderWorker.call(SystemApplicationClassLoaderWorker.java:65)
	at worker.org.gradle.process.internal.worker.GradleWorkerMain.run(GradleWorkerMain.java:69)
	at worker.org.gradle.process.internal.worker.GradleWorkerMain.main(GradleWorkerMain.java:74)
Caused by: org.springframework.beans.factory.NoSuchBeanDefinitionException: No bean named 'com.consol.citrus.http.client.HttpClient@72ea6fcb' available
	at org.springframework.beans.factory.support.DefaultListableBeanFactory.getBeanDefinition(DefaultListableBeanFactory.java:874)
	at org.springframework.beans.factory.support.AbstractBeanFactory.getMergedLocalBeanDefinition(AbstractBeanFactory.java:1358)
	at org.springframework.beans.factory.support.AbstractBeanFactory.doGetBean(AbstractBeanFactory.java:309)
	at org.springframework.beans.factory.support.AbstractBeanFactory.getBean(AbstractBeanFactory.java:213)
	at org.springframework.context.support.AbstractApplicationContext.getBean(AbstractApplicationContext.java:1160)
	at com.consol.citrus.context.SpringBeanReferenceResolver.resolve(SpringBeanReferenceResolver.java:86)
	... 64 more

        ]]>
      </failure>
    </testcase>
    <testcase name="DuckTest.successfulGetAllIdsDuck2" classname="autotests.tests.DuckTest" time="0.0">
      <failure type="com.consol.citrus.exceptions.CitrusRuntimeException" message="Unable to find bean reference for name &apos;com.consol.citrus.http.client.HttpClient@72ea6fcb&apos;">
        <![CDATA[
        com.consol.citrus.exceptions.CitrusRuntimeException: Unable to find bean reference for name 'com.consol.citrus.http.client.HttpClient@72ea6fcb'
	at com.consol.citrus.context.SpringBeanReferenceResolver.lambda$resolve$2(SpringBeanReferenceResolver.java:93)
	at java.base/java.util.Optional.orElseThrow(Optional.java:408)
	at com.consol.citrus.context.SpringBeanReferenceResolver.resolve(SpringBeanReferenceResolver.java:93)
	at com.consol.citrus.endpoint.DefaultEndpointFactory.create(DefaultEndpointFactory.java:106)
	at com.consol.citrus.actions.SendMessageAction.getOrCreateEndpoint(SendMessageAction.java:279)
	at com.consol.citrus.actions.SendMessageAction.isDisabled(SendMessageAction.java:233)
	at com.consol.citrus.DefaultTestCase.executeAction(DefaultTestCase.java:133)
	at com.consol.citrus.DefaultTestCaseRunner.run(DefaultTestCaseRunner.java:125)
	at com.consol.citrus.TestActionRunner.$(TestActionRunner.java:35)
	at autotests.tests.BaseTest.sendDeleteRequest(BaseTest.java:47)
	at autotests.clients.DuckCRUDClient.duckGetAllIds(DuckCRUDClient.java:48)
	at autotests.tests.DuckTest.successfulGetAllIdsDuck2(DuckTest.java:105)
	at java.base/jdk.internal.reflect.NativeMethodAccessorImpl.invoke0(Native Method)
	at java.base/jdk.internal.reflect.NativeMethodAccessorImpl.invoke(NativeMethodAccessorImpl.java:62)
	at java.base/jdk.internal.reflect.DelegatingMethodAccessorImpl.invoke(DelegatingMethodAccessorImpl.java:43)
	at java.base/java.lang.reflect.Method.invoke(Method.java:566)
	at org.springframework.util.ReflectionUtils.invokeMethod(ReflectionUtils.java:282)
	at com.consol.citrus.testng.TestNGHelper.lambda$invokeTestMethod$1(TestNGHelper.java:82)
	at com.consol.citrus.common.DefaultTestLoader.lambda$doLoad$1(DefaultTestLoader.java:116)
	at java.base/java.util.ArrayList.forEach(ArrayList.java:1541)
	at com.consol.citrus.common.DefaultTestLoader.doLoad(DefaultTestLoader.java:116)
	at com.consol.citrus.common.DefaultTestLoader.load(DefaultTestLoader.java:94)
	at com.consol.citrus.testng.TestNGHelper.invokeTestMethod(TestNGHelper.java:83)
	at com.consol.citrus.testng.spring.TestNGCitrusSpringSupport.run(TestNGCitrusSpringSupport.java:185)
	at com.consol.citrus.testng.spring.TestNGCitrusSpringSupport.run(TestNGCitrusSpringSupport.java:101)
	at org.testng.internal.invokers.MethodInvocationHelper.invokeHookable(MethodInvocationHelper.java:272)
	at org.testng.internal.invokers.TestInvoker.invokeMethod(TestInvoker.java:669)
	at org.testng.internal.invokers.TestInvoker.invokeTestMethod(TestInvoker.java:221)
	at org.testng.internal.invokers.MethodRunner.runInSequence(MethodRunner.java:50)
	at org.testng.internal.invokers.TestInvoker$MethodInvocationAgent.invoke(TestInvoker.java:969)
	at org.testng.internal.invokers.TestInvoker.invokeTestMethods(TestInvoker.java:194)
	at org.testng.internal.invokers.TestMethodWorker.invokeTestMethods(TestMethodWorker.java:148)
	at org.testng.internal.invokers.TestMethodWorker.run(TestMethodWorker.java:128)
	at java.base/java.util.ArrayList.forEach(ArrayList.java:1541)
	at org.testng.TestRunner.privateRun(TestRunner.java:829)
	at org.testng.TestRunner.run(TestRunner.java:602)
	at org.testng.SuiteRunner.runTest(SuiteRunner.java:437)
	at org.testng.SuiteRunner.runSequentially(SuiteRunner.java:431)
	at org.testng.SuiteRunner.privateRun(SuiteRunner.java:391)
	at org.testng.SuiteRunner.run(SuiteRunner.java:330)
	at org.testng.SuiteRunnerWorker.runSuite(SuiteRunnerWorker.java:52)
	at org.testng.SuiteRunnerWorker.run(SuiteRunnerWorker.java:95)
	at org.testng.TestNG.runSuitesSequentially(TestNG.java:1256)
	at org.testng.TestNG.runSuitesLocally(TestNG.java:1176)
	at org.testng.TestNG.runSuites(TestNG.java:1099)
	at org.testng.TestNG.run(TestNG.java:1067)
	at org.gradle.api.internal.tasks.testing.testng.TestNGTestClassProcessor.runTests(TestNGTestClassProcessor.java:145)
	at org.gradle.api.internal.tasks.testing.testng.TestNGTestClassProcessor.stop(TestNGTestClassProcessor.java:92)
	at org.gradle.api.internal.tasks.testing.SuiteTestClassProcessor.stop(SuiteTestClassProcessor.java:62)
	at java.base/jdk.internal.reflect.NativeMethodAccessorImpl.invoke0(Native Method)
	at java.base/jdk.internal.reflect.NativeMethodAccessorImpl.invoke(NativeMethodAccessorImpl.java:62)
	at java.base/jdk.internal.reflect.DelegatingMethodAccessorImpl.invoke(DelegatingMethodAccessorImpl.java:43)
	at java.base/java.lang.reflect.Method.invoke(Method.java:566)
	at org.gradle.internal.dispatch.ReflectionDispatch.dispatch(ReflectionDispatch.java:36)
	at org.gradle.internal.dispatch.ReflectionDispatch.dispatch(ReflectionDispatch.java:24)
	at org.gradle.internal.dispatch.ContextClassLoaderDispatch.dispatch(ContextClassLoaderDispatch.java:33)
	at org.gradle.internal.dispatch.ProxyDispatchAdapter$DispatchingInvocationHandler.invoke(ProxyDispatchAdapter.java:94)
	at com.sun.proxy.$Proxy2.stop(Unknown Source)
	at org.gradle.api.internal.tasks.testing.worker.TestWorker$3.run(TestWorker.java:193)
	at org.gradle.api.internal.tasks.testing.worker.TestWorker.executeAndMaintainThreadName(TestWorker.java:129)
	at org.gradle.api.internal.tasks.testing.worker.TestWorker.execute(TestWorker.java:100)
	at org.gradle.api.internal.tasks.testing.worker.TestWorker.execute(TestWorker.java:60)
	at org.gradle.process.internal.worker.child.ActionExecutionWorker.execute(ActionExecutionWorker.java:56)
	at org.gradle.process.internal.worker.child.SystemApplicationClassLoaderWorker.call(SystemApplicationClassLoaderWorker.java:113)
	at org.gradle.process.internal.worker.child.SystemApplicationClassLoaderWorker.call(SystemApplicationClassLoaderWorker.java:65)
	at worker.org.gradle.process.internal.worker.GradleWorkerMain.run(GradleWorkerMain.java:69)
	at worker.org.gradle.process.internal.worker.GradleWorkerMain.main(GradleWorkerMain.java:74)
Caused by: org.springframework.beans.factory.NoSuchBeanDefinitionException: No bean named 'com.consol.citrus.http.client.HttpClient@72ea6fcb' available
	at org.springframework.beans.factory.support.DefaultListableBeanFactory.getBeanDefinition(DefaultListableBeanFactory.java:874)
	at org.springframework.beans.factory.support.AbstractBeanFactory.getMergedLocalBeanDefinition(AbstractBeanFactory.java:1358)
	at org.springframework.beans.factory.support.AbstractBeanFactory.doGetBean(AbstractBeanFactory.java:309)
	at org.springframework.beans.factory.support.AbstractBeanFactory.getBean(AbstractBeanFactory.java:213)
	at org.springframework.context.support.AbstractApplicationContext.getBean(AbstractApplicationContext.java:1160)
	at com.consol.citrus.context.SpringBeanReferenceResolver.resolve(SpringBeanReferenceResolver.java:86)
	... 64 more

        ]]>
      </failure>
    </testcase>
    <testcase name="DuckTest.successfulGetAllIdsDuck3" classname="autotests.tests.DuckTest" time="0.0">
      <failure type="com.consol.citrus.exceptions.CitrusRuntimeException" message="Unable to find bean reference for name &apos;com.consol.citrus.http.client.HttpClient@72ea6fcb&apos;">
        <![CDATA[
        com.consol.citrus.exceptions.CitrusRuntimeException: Unable to find bean reference for name 'com.consol.citrus.http.client.HttpClient@72ea6fcb'
	at com.consol.citrus.context.SpringBeanReferenceResolver.lambda$resolve$2(SpringBeanReferenceResolver.java:93)
	at java.base/java.util.Optional.orElseThrow(Optional.java:408)
	at com.consol.citrus.context.SpringBeanReferenceResolver.resolve(SpringBeanReferenceResolver.java:93)
	at com.consol.citrus.endpoint.DefaultEndpointFactory.create(DefaultEndpointFactory.java:106)
	at com.consol.citrus.actions.SendMessageAction.getOrCreateEndpoint(SendMessageAction.java:279)
	at com.consol.citrus.actions.SendMessageAction.isDisabled(SendMessageAction.java:233)
	at com.consol.citrus.DefaultTestCase.executeAction(DefaultTestCase.java:133)
	at com.consol.citrus.DefaultTestCaseRunner.run(DefaultTestCaseRunner.java:125)
	at com.consol.citrus.TestActionRunner.$(TestActionRunner.java:35)
	at autotests.tests.BaseTest.sendDeleteRequest(BaseTest.java:47)
	at autotests.clients.DuckCRUDClient.duckGetAllIds(DuckCRUDClient.java:48)
	at autotests.tests.DuckTest.successfulGetAllIdsDuck3(DuckTest.java:113)
	at java.base/jdk.internal.reflect.NativeMethodAccessorImpl.invoke0(Native Method)
	at java.base/jdk.internal.reflect.NativeMethodAccessorImpl.invoke(NativeMethodAccessorImpl.java:62)
	at java.base/jdk.internal.reflect.DelegatingMethodAccessorImpl.invoke(DelegatingMethodAccessorImpl.java:43)
	at java.base/java.lang.reflect.Method.invoke(Method.java:566)
	at org.springframework.util.ReflectionUtils.invokeMethod(ReflectionUtils.java:282)
	at com.consol.citrus.testng.TestNGHelper.lambda$invokeTestMethod$1(TestNGHelper.java:82)
	at com.consol.citrus.common.DefaultTestLoader.lambda$doLoad$1(DefaultTestLoader.java:116)
	at java.base/java.util.ArrayList.forEach(ArrayList.java:1541)
	at com.consol.citrus.common.DefaultTestLoader.doLoad(DefaultTestLoader.java:116)
	at com.consol.citrus.common.DefaultTestLoader.load(DefaultTestLoader.java:94)
	at com.consol.citrus.testng.TestNGHelper.invokeTestMethod(TestNGHelper.java:83)
	at com.consol.citrus.testng.spring.TestNGCitrusSpringSupport.run(TestNGCitrusSpringSupport.java:185)
	at com.consol.citrus.testng.spring.TestNGCitrusSpringSupport.run(TestNGCitrusSpringSupport.java:101)
	at org.testng.internal.invokers.MethodInvocationHelper.invokeHookable(MethodInvocationHelper.java:272)
	at org.testng.internal.invokers.TestInvoker.invokeMethod(TestInvoker.java:669)
	at org.testng.internal.invokers.TestInvoker.invokeTestMethod(TestInvoker.java:221)
	at org.testng.internal.invokers.MethodRunner.runInSequence(MethodRunner.java:50)
	at org.testng.internal.invokers.TestInvoker$MethodInvocationAgent.invoke(TestInvoker.java:969)
	at org.testng.internal.invokers.TestInvoker.invokeTestMethods(TestInvoker.java:194)
	at org.testng.internal.invokers.TestMethodWorker.invokeTestMethods(TestMethodWorker.java:148)
	at org.testng.internal.invokers.TestMethodWorker.run(TestMethodWorker.java:128)
	at java.base/java.util.ArrayList.forEach(ArrayList.java:1541)
	at org.testng.TestRunner.privateRun(TestRunner.java:829)
	at org.testng.TestRunner.run(TestRunner.java:602)
	at org.testng.SuiteRunner.runTest(SuiteRunner.java:437)
	at org.testng.SuiteRunner.runSequentially(SuiteRunner.java:431)
	at org.testng.SuiteRunner.privateRun(SuiteRunner.java:391)
	at org.testng.SuiteRunner.run(SuiteRunner.java:330)
	at org.testng.SuiteRunnerWorker.runSuite(SuiteRunnerWorker.java:52)
	at org.testng.SuiteRunnerWorker.run(SuiteRunnerWorker.java:95)
	at org.testng.TestNG.runSuitesSequentially(TestNG.java:1256)
	at org.testng.TestNG.runSuitesLocally(TestNG.java:1176)
	at org.testng.TestNG.runSuites(TestNG.java:1099)
	at org.testng.TestNG.run(TestNG.java:1067)
	at org.gradle.api.internal.tasks.testing.testng.TestNGTestClassProcessor.runTests(TestNGTestClassProcessor.java:145)
	at org.gradle.api.internal.tasks.testing.testng.TestNGTestClassProcessor.stop(TestNGTestClassProcessor.java:92)
	at org.gradle.api.internal.tasks.testing.SuiteTestClassProcessor.stop(SuiteTestClassProcessor.java:62)
	at java.base/jdk.internal.reflect.NativeMethodAccessorImpl.invoke0(Native Method)
	at java.base/jdk.internal.reflect.NativeMethodAccessorImpl.invoke(NativeMethodAccessorImpl.java:62)
	at java.base/jdk.internal.reflect.DelegatingMethodAccessorImpl.invoke(DelegatingMethodAccessorImpl.java:43)
	at java.base/java.lang.reflect.Method.invoke(Method.java:566)
	at org.gradle.internal.dispatch.ReflectionDispatch.dispatch(ReflectionDispatch.java:36)
	at org.gradle.internal.dispatch.ReflectionDispatch.dispatch(ReflectionDispatch.java:24)
	at org.gradle.internal.dispatch.ContextClassLoaderDispatch.dispatch(ContextClassLoaderDispatch.java:33)
	at org.gradle.internal.dispatch.ProxyDispatchAdapter$DispatchingInvocationHandler.invoke(ProxyDispatchAdapter.java:94)
	at com.sun.proxy.$Proxy2.stop(Unknown Source)
	at org.gradle.api.internal.tasks.testing.worker.TestWorker$3.run(TestWorker.java:193)
	at org.gradle.api.internal.tasks.testing.worker.TestWorker.executeAndMaintainThreadName(TestWorker.java:129)
	at org.gradle.api.internal.tasks.testing.worker.TestWorker.execute(TestWorker.java:100)
	at org.gradle.api.internal.tasks.testing.worker.TestWorker.execute(TestWorker.java:60)
	at org.gradle.process.internal.worker.child.ActionExecutionWorker.execute(ActionExecutionWorker.java:56)
	at org.gradle.process.internal.worker.child.SystemApplicationClassLoaderWorker.call(SystemApplicationClassLoaderWorker.java:113)
	at org.gradle.process.internal.worker.child.SystemApplicationClassLoaderWorker.call(SystemApplicationClassLoaderWorker.java:65)
	at worker.org.gradle.process.internal.worker.GradleWorkerMain.run(GradleWorkerMain.java:69)
	at worker.org.gradle.process.internal.worker.GradleWorkerMain.main(GradleWorkerMain.java:74)
Caused by: org.springframework.beans.factory.NoSuchBeanDefinitionException: No bean named 'com.consol.citrus.http.client.HttpClient@72ea6fcb' available
	at org.springframework.beans.factory.support.DefaultListableBeanFactory.getBeanDefinition(DefaultListableBeanFactory.java:874)
	at org.springframework.beans.factory.support.AbstractBeanFactory.getMergedLocalBeanDefinition(AbstractBeanFactory.java:1358)
	at org.springframework.beans.factory.support.AbstractBeanFactory.doGetBean(AbstractBeanFactory.java:309)
	at org.springframework.beans.factory.support.AbstractBeanFactory.getBean(AbstractBeanFactory.java:213)
	at org.springframework.context.support.AbstractApplicationContext.getBean(AbstractApplicationContext.java:1160)
	at com.consol.citrus.context.SpringBeanReferenceResolver.resolve(SpringBeanReferenceResolver.java:86)
	... 64 more

        ]]>
      </failure>
    </testcase>
    <testcase name="DuckTest.successfulUpdateDuck1" classname="autotests.tests.DuckTest" time="0.0">
      <failure type="com.consol.citrus.exceptions.CitrusRuntimeException" message="Failed to get correlation key for &apos;citrus_message_correlator_yellowDuckService&apos;">
        <![CDATA[
        com.consol.citrus.exceptions.CitrusRuntimeException: Failed to get correlation key for 'citrus_message_correlator_yellowDuckService'
	at com.consol.citrus.message.correlation.PollingCorrelationManager.getCorrelationKey(PollingCorrelationManager.java:96)
	at com.consol.citrus.http.client.HttpClient.receive(HttpClient.java:158)
	at com.consol.citrus.actions.ReceiveMessageAction.receive(ReceiveMessageAction.java:178)
	at com.consol.citrus.actions.ReceiveMessageAction.doExecute(ReceiveMessageAction.java:160)
	at com.consol.citrus.actions.AbstractTestAction.execute(AbstractTestAction.java:59)
	at com.consol.citrus.DefaultTestCase.executeAction(DefaultTestCase.java:136)
	at com.consol.citrus.DefaultTestCaseRunner.run(DefaultTestCaseRunner.java:125)
	at com.consol.citrus.TestActionRunner.$(TestActionRunner.java:35)
	at autotests.tests.BaseTest.validateJSONRequest(BaseTest.java:74)
	at autotests.clients.DuckCRUDClient.validateResponse(DuckCRUDClient.java:78)
	at autotests.tests.DuckTest.successfulUpdateDuck1(DuckTest.java:82)
	at java.base/jdk.internal.reflect.NativeMethodAccessorImpl.invoke0(Native Method)
	at java.base/jdk.internal.reflect.NativeMethodAccessorImpl.invoke(NativeMethodAccessorImpl.java:62)
	at java.base/jdk.internal.reflect.DelegatingMethodAccessorImpl.invoke(DelegatingMethodAccessorImpl.java:43)
	at java.base/java.lang.reflect.Method.invoke(Method.java:566)
	at org.springframework.util.ReflectionUtils.invokeMethod(ReflectionUtils.java:282)
	at com.consol.citrus.testng.TestNGHelper.lambda$invokeTestMethod$1(TestNGHelper.java:82)
	at com.consol.citrus.common.DefaultTestLoader.lambda$doLoad$1(DefaultTestLoader.java:116)
	at java.base/java.util.ArrayList.forEach(ArrayList.java:1541)
	at com.consol.citrus.common.DefaultTestLoader.doLoad(DefaultTestLoader.java:116)
	at com.consol.citrus.common.DefaultTestLoader.load(DefaultTestLoader.java:94)
	at com.consol.citrus.testng.TestNGHelper.invokeTestMethod(TestNGHelper.java:83)
	at com.consol.citrus.testng.spring.TestNGCitrusSpringSupport.run(TestNGCitrusSpringSupport.java:185)
	at com.consol.citrus.testng.spring.TestNGCitrusSpringSupport.run(TestNGCitrusSpringSupport.java:101)
	at org.testng.internal.invokers.MethodInvocationHelper.invokeHookable(MethodInvocationHelper.java:272)
	at org.testng.internal.invokers.TestInvoker.invokeMethod(TestInvoker.java:669)
	at org.testng.internal.invokers.TestInvoker.invokeTestMethod(TestInvoker.java:221)
	at org.testng.internal.invokers.MethodRunner.runInSequence(MethodRunner.java:50)
	at org.testng.internal.invokers.TestInvoker$MethodInvocationAgent.invoke(TestInvoker.java:969)
	at org.testng.internal.invokers.TestInvoker.invokeTestMethods(TestInvoker.java:194)
	at org.testng.internal.invokers.TestMethodWorker.invokeTestMethods(TestMethodWorker.java:148)
	at org.testng.internal.invokers.TestMethodWorker.run(TestMethodWorker.java:128)
	at java.base/java.util.ArrayList.forEach(ArrayList.java:1541)
	at org.testng.TestRunner.privateRun(TestRunner.java:829)
	at org.testng.TestRunner.run(TestRunner.java:602)
	at org.testng.SuiteRunner.runTest(SuiteRunner.java:437)
	at org.testng.SuiteRunner.runSequentially(SuiteRunner.java:431)
	at org.testng.SuiteRunner.privateRun(SuiteRunner.java:391)
	at org.testng.SuiteRunner.run(SuiteRunner.java:330)
	at org.testng.SuiteRunnerWorker.runSuite(SuiteRunnerWorker.java:52)
	at org.testng.SuiteRunnerWorker.run(SuiteRunnerWorker.java:95)
	at org.testng.TestNG.runSuitesSequentially(TestNG.java:1256)
	at org.testng.TestNG.runSuitesLocally(TestNG.java:1176)
	at org.testng.TestNG.runSuites(TestNG.java:1099)
	at org.testng.TestNG.run(TestNG.java:1067)
	at org.gradle.api.internal.tasks.testing.testng.TestNGTestClassProcessor.runTests(TestNGTestClassProcessor.java:145)
	at org.gradle.api.internal.tasks.testing.testng.TestNGTestClassProcessor.stop(TestNGTestClassProcessor.java:92)
	at org.gradle.api.internal.tasks.testing.SuiteTestClassProcessor.stop(SuiteTestClassProcessor.java:62)
	at java.base/jdk.internal.reflect.NativeMethodAccessorImpl.invoke0(Native Method)
	at java.base/jdk.internal.reflect.NativeMethodAccessorImpl.invoke(NativeMethodAccessorImpl.java:62)
	at java.base/jdk.internal.reflect.DelegatingMethodAccessorImpl.invoke(DelegatingMethodAccessorImpl.java:43)
	at java.base/java.lang.reflect.Method.invoke(Method.java:566)
	at org.gradle.internal.dispatch.ReflectionDispatch.dispatch(ReflectionDispatch.java:36)
	at org.gradle.internal.dispatch.ReflectionDispatch.dispatch(ReflectionDispatch.java:24)
	at org.gradle.internal.dispatch.ContextClassLoaderDispatch.dispatch(ContextClassLoaderDispatch.java:33)
	at org.gradle.internal.dispatch.ProxyDispatchAdapter$DispatchingInvocationHandler.invoke(ProxyDispatchAdapter.java:94)
	at com.sun.proxy.$Proxy2.stop(Unknown Source)
	at org.gradle.api.internal.tasks.testing.worker.TestWorker$3.run(TestWorker.java:193)
	at org.gradle.api.internal.tasks.testing.worker.TestWorker.executeAndMaintainThreadName(TestWorker.java:129)
	at org.gradle.api.internal.tasks.testing.worker.TestWorker.execute(TestWorker.java:100)
	at org.gradle.api.internal.tasks.testing.worker.TestWorker.execute(TestWorker.java:60)
	at org.gradle.process.internal.worker.child.ActionExecutionWorker.execute(ActionExecutionWorker.java:56)
	at org.gradle.process.internal.worker.child.SystemApplicationClassLoaderWorker.call(SystemApplicationClassLoaderWorker.java:113)
	at org.gradle.process.internal.worker.child.SystemApplicationClassLoaderWorker.call(SystemApplicationClassLoaderWorker.java:65)
	at worker.org.gradle.process.internal.worker.GradleWorkerMain.run(GradleWorkerMain.java:69)
	at worker.org.gradle.process.internal.worker.GradleWorkerMain.main(GradleWorkerMain.java:74)

        ]]>
      </failure>
    </testcase>
    <testcase name="DuckTest.successfulUpdateDuck2" classname="autotests.tests.DuckTest" time="0.0">
      <failure type="com.consol.citrus.exceptions.CitrusRuntimeException" message="Unable to find bean reference for name &apos;com.consol.citrus.http.client.HttpClient@72ea6fcb&apos;">
        <![CDATA[
        com.consol.citrus.exceptions.CitrusRuntimeException: Unable to find bean reference for name 'com.consol.citrus.http.client.HttpClient@72ea6fcb'
	at com.consol.citrus.context.SpringBeanReferenceResolver.lambda$resolve$2(SpringBeanReferenceResolver.java:93)
	at java.base/java.util.Optional.orElseThrow(Optional.java:408)
	at com.consol.citrus.context.SpringBeanReferenceResolver.resolve(SpringBeanReferenceResolver.java:93)
	at com.consol.citrus.endpoint.DefaultEndpointFactory.create(DefaultEndpointFactory.java:106)
	at com.consol.citrus.actions.SendMessageAction.getOrCreateEndpoint(SendMessageAction.java:279)
	at com.consol.citrus.actions.SendMessageAction.isDisabled(SendMessageAction.java:233)
	at com.consol.citrus.DefaultTestCase.executeAction(DefaultTestCase.java:133)
	at com.consol.citrus.DefaultTestCaseRunner.run(DefaultTestCaseRunner.java:125)
	at com.consol.citrus.TestActionRunner.$(TestActionRunner.java:35)
	at autotests.tests.BaseTest.sendPostRequest(BaseTest.java:34)
	at autotests.clients.DuckCRUDClient.duckUpdate(DuckCRUDClient.java:55)
	at autotests.tests.DuckTest.successfulUpdateDuck2(DuckTest.java:89)
	at java.base/jdk.internal.reflect.NativeMethodAccessorImpl.invoke0(Native Method)
	at java.base/jdk.internal.reflect.NativeMethodAccessorImpl.invoke(NativeMethodAccessorImpl.java:62)
	at java.base/jdk.internal.reflect.DelegatingMethodAccessorImpl.invoke(DelegatingMethodAccessorImpl.java:43)
	at java.base/java.lang.reflect.Method.invoke(Method.java:566)
	at org.springframework.util.ReflectionUtils.invokeMethod(ReflectionUtils.java:282)
	at com.consol.citrus.testng.TestNGHelper.lambda$invokeTestMethod$1(TestNGHelper.java:82)
	at com.consol.citrus.common.DefaultTestLoader.lambda$doLoad$1(DefaultTestLoader.java:116)
	at java.base/java.util.ArrayList.forEach(ArrayList.java:1541)
	at com.consol.citrus.common.DefaultTestLoader.doLoad(DefaultTestLoader.java:116)
	at com.consol.citrus.common.DefaultTestLoader.load(DefaultTestLoader.java:94)
	at com.consol.citrus.testng.TestNGHelper.invokeTestMethod(TestNGHelper.java:83)
	at com.consol.citrus.testng.spring.TestNGCitrusSpringSupport.run(TestNGCitrusSpringSupport.java:185)
	at com.consol.citrus.testng.spring.TestNGCitrusSpringSupport.run(TestNGCitrusSpringSupport.java:101)
	at org.testng.internal.invokers.MethodInvocationHelper.invokeHookable(MethodInvocationHelper.java:272)
	at org.testng.internal.invokers.TestInvoker.invokeMethod(TestInvoker.java:669)
	at org.testng.internal.invokers.TestInvoker.invokeTestMethod(TestInvoker.java:221)
	at org.testng.internal.invokers.MethodRunner.runInSequence(MethodRunner.java:50)
	at org.testng.internal.invokers.TestInvoker$MethodInvocationAgent.invoke(TestInvoker.java:969)
	at org.testng.internal.invokers.TestInvoker.invokeTestMethods(TestInvoker.java:194)
	at org.testng.internal.invokers.TestMethodWorker.invokeTestMethods(TestMethodWorker.java:148)
	at org.testng.internal.invokers.TestMethodWorker.run(TestMethodWorker.java:128)
	at java.base/java.util.ArrayList.forEach(ArrayList.java:1541)
	at org.testng.TestRunner.privateRun(TestRunner.java:829)
	at org.testng.TestRunner.run(TestRunner.java:602)
	at org.testng.SuiteRunner.runTest(SuiteRunner.java:437)
	at org.testng.SuiteRunner.runSequentially(SuiteRunner.java:431)
	at org.testng.SuiteRunner.privateRun(SuiteRunner.java:391)
	at org.testng.SuiteRunner.run(SuiteRunner.java:330)
	at org.testng.SuiteRunnerWorker.runSuite(SuiteRunnerWorker.java:52)
	at org.testng.SuiteRunnerWorker.run(SuiteRunnerWorker.java:95)
	at org.testng.TestNG.runSuitesSequentially(TestNG.java:1256)
	at org.testng.TestNG.runSuitesLocally(TestNG.java:1176)
	at org.testng.TestNG.runSuites(TestNG.java:1099)
	at org.testng.TestNG.run(TestNG.java:1067)
	at org.gradle.api.internal.tasks.testing.testng.TestNGTestClassProcessor.runTests(TestNGTestClassProcessor.java:145)
	at org.gradle.api.internal.tasks.testing.testng.TestNGTestClassProcessor.stop(TestNGTestClassProcessor.java:92)
	at org.gradle.api.internal.tasks.testing.SuiteTestClassProcessor.stop(SuiteTestClassProcessor.java:62)
	at java.base/jdk.internal.reflect.NativeMethodAccessorImpl.invoke0(Native Method)
	at java.base/jdk.internal.reflect.NativeMethodAccessorImpl.invoke(NativeMethodAccessorImpl.java:62)
	at java.base/jdk.internal.reflect.DelegatingMethodAccessorImpl.invoke(DelegatingMethodAccessorImpl.java:43)
	at java.base/java.lang.reflect.Method.invoke(Method.java:566)
	at org.gradle.internal.dispatch.ReflectionDispatch.dispatch(ReflectionDispatch.java:36)
	at org.gradle.internal.dispatch.ReflectionDispatch.dispatch(ReflectionDispatch.java:24)
	at org.gradle.internal.dispatch.ContextClassLoaderDispatch.dispatch(ContextClassLoaderDispatch.java:33)
	at org.gradle.internal.dispatch.ProxyDispatchAdapter$DispatchingInvocationHandler.invoke(ProxyDispatchAdapter.java:94)
	at com.sun.proxy.$Proxy2.stop(Unknown Source)
	at org.gradle.api.internal.tasks.testing.worker.TestWorker$3.run(TestWorker.java:193)
	at org.gradle.api.internal.tasks.testing.worker.TestWorker.executeAndMaintainThreadName(TestWorker.java:129)
	at org.gradle.api.internal.tasks.testing.worker.TestWorker.execute(TestWorker.java:100)
	at org.gradle.api.internal.tasks.testing.worker.TestWorker.execute(TestWorker.java:60)
	at org.gradle.process.internal.worker.child.ActionExecutionWorker.execute(ActionExecutionWorker.java:56)
	at org.gradle.process.internal.worker.child.SystemApplicationClassLoaderWorker.call(SystemApplicationClassLoaderWorker.java:113)
	at org.gradle.process.internal.worker.child.SystemApplicationClassLoaderWorker.call(SystemApplicationClassLoaderWorker.java:65)
	at worker.org.gradle.process.internal.worker.GradleWorkerMain.run(GradleWorkerMain.java:69)
	at worker.org.gradle.process.internal.worker.GradleWorkerMain.main(GradleWorkerMain.java:74)
Caused by: org.springframework.beans.factory.NoSuchBeanDefinitionException: No bean named 'com.consol.citrus.http.client.HttpClient@72ea6fcb' available
	at org.springframework.beans.factory.support.DefaultListableBeanFactory.getBeanDefinition(DefaultListableBeanFactory.java:874)
	at org.springframework.beans.factory.support.AbstractBeanFactory.getMergedLocalBeanDefinition(AbstractBeanFactory.java:1358)
	at org.springframework.beans.factory.support.AbstractBeanFactory.doGetBean(AbstractBeanFactory.java:309)
	at org.springframework.beans.factory.support.AbstractBeanFactory.getBean(AbstractBeanFactory.java:213)
	at org.springframework.context.support.AbstractApplicationContext.getBean(AbstractApplicationContext.java:1160)
	at com.consol.citrus.context.SpringBeanReferenceResolver.resolve(SpringBeanReferenceResolver.java:86)
	... 64 more

        ]]>
      </failure>
    </testcase>
</testsuite>